Determining if the pthread_create exist failed with the following output:
Change Dir: /home/pugdel/Documentos/treinar_sdl/treinar-sdl/src/CMakeFiles/CMakeTmp

Run Build Command:"/usr/bin/make" "cmTC_e0e7d/fast"
/usr/bin/make -f CMakeFiles/cmTC_e0e7d.dir/build.make CMakeFiles/cmTC_e0e7d.dir/build
make[1]: Entering directory '/home/pugdel/Documentos/treinar_sdl/treinar-sdl/src/CMakeFiles/CMakeTmp'
Building C object CMakeFiles/cmTC_e0e7d.dir/CheckSymbolExists.c.o
/usr/bin/cc    -o CMakeFiles/cmTC_e0e7d.dir/CheckSymbolExists.c.o   -c /home/pugdel/Documentos/treinar_sdl/treinar-sdl/src/CMakeFiles/CMakeTmp/CheckSymbolExists.c
Linking C executable cmTC_e0e7d
/usr/bin/cmake -E cmake_link_script CMakeFiles/cmTC_e0e7d.dir/link.txt --verbose=1
/usr/bin/cc      -rdynamic CMakeFiles/cmTC_e0e7d.dir/CheckSymbolExists.c.o  -o cmTC_e0e7d 
CMakeFiles/cmTC_e0e7d.dir/CheckSymbolExists.c.o: Na função "main":
CheckSymbolExists.c:(.text+0x1b): referência não definida para "pthread_create"
collect2: error: ld returned 1 exit status
CMakeFiles/cmTC_e0e7d.dir/build.make:97: recipe for target 'cmTC_e0e7d' failed
make[1]: *** [cmTC_e0e7d] Error 1
make[1]: Leaving directory '/home/pugdel/Documentos/treinar_sdl/treinar-sdl/src/CMakeFiles/CMakeTmp'
Makefile:126: recipe for target 'cmTC_e0e7d/fast' failed
make: *** [cmTC_e0e7d/fast] Error 2

File /home/pugdel/Documentos/treinar_sdl/treinar-sdl/src/CMakeFiles/CMakeTmp/CheckSymbolExists.c:
/* */
#include <pthread.h>

int main(int argc, char** argv)
{
  (void)argv;
#ifndef pthread_create
  return ((int*)(&pthread_create))[argc];
#else
  (void)argc;
  return 0;
#endif
}

Determining if the function pthread_create exists in the pthreads failed with the following output:
Change Dir: /home/pugdel/Documentos/treinar_sdl/treinar-sdl/src/CMakeFiles/CMakeTmp

Run Build Command:"/usr/bin/make" "cmTC_1ac6e/fast"
/usr/bin/make -f CMakeFiles/cmTC_1ac6e.dir/build.make CMakeFiles/cmTC_1ac6e.dir/build
make[1]: Entering directory '/home/pugdel/Documentos/treinar_sdl/treinar-sdl/src/CMakeFiles/CMakeTmp'
Building C object CMakeFiles/cmTC_1ac6e.dir/CheckFunctionExists.c.o
/usr/bin/cc   -DCHECK_FUNCTION_EXISTS=pthread_create   -o CMakeFiles/cmTC_1ac6e.dir/CheckFunctionExists.c.o   -c /usr/share/cmake-3.10/Modules/CheckFunctionExists.c
Linking C executable cmTC_1ac6e
/usr/bin/cmake -E cmake_link_script CMakeFiles/cmTC_1ac6e.dir/link.txt --verbose=1
/usr/bin/cc  -DCHECK_FUNCTION_EXISTS=pthread_create    -rdynamic CMakeFiles/cmTC_1ac6e.dir/CheckFunctionExists.c.o  -o cmTC_1ac6e -lpthreads 
/usr/bin/ld: não foi possível localizar -lpthreads
collect2: error: ld returned 1 exit status
CMakeFiles/cmTC_1ac6e.dir/build.make:97: recipe for target 'cmTC_1ac6e' failed
make[1]: *** [cmTC_1ac6e] Error 1
make[1]: Leaving directory '/home/pugdel/Documentos/treinar_sdl/treinar-sdl/src/CMakeFiles/CMakeTmp'
Makefile:126: recipe for target 'cmTC_1ac6e/fast' failed
make: *** [cmTC_1ac6e/fast] Error 2


